<?xml version="1.0" encoding="UTF-8"?>
<!-- Generated by org.testng.reporters.JUnitReportReporter -->
<testsuite hostname="FSF" failures="0" tests="1" name="com.studycase.TestAutomation.NavbarTest" time="76.724" errors="0" timestamp="2024-11-24T18:11:28 TRT" skipped="0">
  <testcase classname="com.studycase.TestAutomation.NavbarTest" name="testNavbarLinks" time="76.724"/>
  <system-out/>
</testsuite> <!-- com.studycase.TestAutomation.NavbarTest -->
