<?xml version="1.0" encoding="UTF-8"?>
<!-- Generated by org.testng.reporters.JUnitReportReporter -->
<testsuite hostname="FSF" failures="0" tests="1" name="com.studycase.TestAutomation.SearchTest" time="17.149" errors="0" timestamp="2024-11-24T19:45:02 TRT" skipped="0">
  <testcase classname="com.studycase.TestAutomation.SearchTest" name="testSearchAndNavigate" time="17.149"/>
  <system-out/>
</testsuite> <!-- com.studycase.TestAutomation.SearchTest -->
