<?xml version="1.0" encoding="UTF-8"?>
<!-- Generated by org.testng.reporters.JUnitReportReporter -->
<testsuite hostname="FSF" failures="0" tests="1" name="com.studycase.TestAutomation.FormTest" time="11.847" errors="0" timestamp="2024-11-25T18:22:59 TRT" skipped="0">
  <testcase classname="com.studycase.TestAutomation.FormTest" name="testFormSubmission" time="11.847"/>
  <system-out/>
</testsuite> <!-- com.studycase.TestAutomation.FormTest -->
